	read 0 bytes: (500000 us)
	write 1 bytes: (7 us)
		fc
    // ~3ms since last our tx byte
	read 8 bytes: (20540 us)
		fa013599572e4803
	write 8 bytes: (3 us)
		f802a295deadbeef
    // ~4ms since last our tx byte
	read 8 bytes: (14921 us)
		200173a08983f6ec
	write 112 bytes: (9 us)
		22018ae38983f6ec 0100000000000000
		0800000041974897 0000000000000000
		f4944c004abd4473 0b23ad0a00021401
		6338170000000000 00000000ffaf0000
		4000000000000000 0000000000000000
		3701450151014601 4501ffff00000000
		0000000100000002 0000000000000000
    // ~5ms since last our tx byte
	read 112 bytes: (28950 us)
		5201b5158983f6ec 0100000001000000
		0800080041974897 0000000000000000
		0000000000000000 0000000000000000
		0000000000000000 0000000000000000
		0000000000000000 0000000000000000
		3701450151014601 4501ffff00000000
		0000000000000000 2b80238c00000000
	write 8 bytes: (7 us)
		540274d48983f6ec
    // ~2.5ms since our last tx byte
	read 39 bytes: (12800 us)
		00d787f78983f6ec 10800000011d0000
		002d000a00050000 0005200000380100
		33012e0139013c
IR disconnecting: Error during pw_comms_event_loop
	Error code: 0a: bad checksum
	State: 1
	Substate 2
Writing eeprom back to disk
