	read 0 bytes: (500000 us)
	write 1 bytes: (7 us) 
		fc
Read took 2 us
	read 8 bytes: (20445 us) 
		fa014314433ad704
	write 8 bytes: (3 us) 
		f802a295deadbeef
Read took 1 us
	read 8 bytes: (14933 us) 
		200186279d9769eb
	write 112 bytes: (8 us) 
		22019d6a9d9769eb 0100000000000000 
		0800000041974897 0000000000000000 
		f4944c004abd4473 0b23ad0a00021401 
		6338170000000000 00000000ffaf0000 
		4000000000000000 0000000000000000 
		3701450151014601 4501ffff00000000 
		0000000100000002 0000000000000000
Read took 1 us
	read 112 bytes: (28911 us) 
		520114f99d9769eb 0100000001000000 
		0800080041974897 0000000000000000 
		0000000000000000 0000000000000000 
		0000000000000000 0000000000000000 
		0000000000000000 0000000000000000 
		3701450151014601 4501ffff00000000 
		0000000000000000 2b817fd800000000
	write 8 bytes: (6 us) 
		5402875b9d9769eb
Read took 1 us
	read 40 bytes: (12912 us) 
		00d7fdeb9d9769eb 10800000014a0000 
		0021006f00050000 0002200200310101 
		2f0139012e013f00
IR disconnecting: Error during pw_comms_event_loop
	Error code: 0a: bad checksum
	State: 1
	Substate 2
Writing eeprom back to disk
